{"contracts/access/Ownable.sol":{"l":{"20":3,"21":3,"22":3,"29":13,"30":11,"37":2,"38":1,"49":1,"50":1,"58":1,"59":1,"60":1},"path":"/home/bhupendra/claimers-contracts/contracts/access/Ownable.sol","s":{"1":3,"2":3,"3":3,"4":13,"5":2,"6":1,"7":1,"8":1,"9":1,"10":1},"b":{"1":[11,2],"2":[1,1],"3":[1,0]},"f":{"1":3,"2":13,"3":2,"4":1,"5":1},"fnMap":{"1":{"name":"constructor","line":19,"loc":{"start":{"line":19,"column":2},"end":{"line":23,"column":2}}},"2":{"name":"onlyOwner","line":28,"loc":{"start":{"line":28,"column":2},"end":{"line":31,"column":2}}},"3":{"name":"onlyAdmin","line":36,"loc":{"start":{"line":36,"column":2},"end":{"line":39,"column":2}}},"4":{"name":"renounceOwnership","line":48,"loc":{"start":{"line":48,"column":2},"end":{"line":51,"column":2}}},"5":{"name":"transferOwnership","line":57,"loc":{"start":{"line":57,"column":2},"end":{"line":61,"column":2}}}},"statementMap":{"1":{"start":{"line":20,"column":4},"end":{"line":20,"column":24}},"2":{"start":{"line":21,"column":4},"end":{"line":21,"column":24}},"3":{"start":{"line":22,"column":4},"end":{"line":22,"column":49}},"4":{"start":{"line":29,"column":4},"end":{"line":29,"column":70}},"5":{"start":{"line":37,"column":4},"end":{"line":37,"column":70}},"6":{"start":{"line":49,"column":4},"end":{"line":49,"column":45}},"7":{"start":{"line":50,"column":4},"end":{"line":50,"column":18}},"8":{"start":{"line":58,"column":4},"end":{"line":58,"column":76}},"9":{"start":{"line":59,"column":4},"end":{"line":59,"column":47}},"10":{"start":{"line":60,"column":4},"end":{"line":60,"column":20}}},"branchMap":{"1":{"line":29,"type":"if","locations":[{"start":{"line":29,"column":4},"end":{"line":29,"column":4}},{"start":{"line":29,"column":4},"end":{"line":29,"column":4}}]},"2":{"line":37,"type":"if","locations":[{"start":{"line":37,"column":4},"end":{"line":37,"column":4}},{"start":{"line":37,"column":4},"end":{"line":37,"column":4}}]},"3":{"line":58,"type":"if","locations":[{"start":{"line":58,"column":4},"end":{"line":58,"column":4}},{"start":{"line":58,"column":4},"end":{"line":58,"column":4}}]}}},"contracts/access/Pausable.sol":{"l":{"34":3,"41":8,"52":7,"53":6,"64":1,"65":1,"76":1,"77":1,"88":1,"89":1},"path":"/home/bhupendra/claimers-contracts/contracts/access/Pausable.sol","s":{"1":3,"2":8,"3":7,"4":1,"5":1,"6":1,"7":1,"8":1},"b":{"1":[6,1],"2":[1,0]},"f":{"1":3,"2":8,"3":7,"4":1,"5":1,"6":1},"fnMap":{"1":{"name":"constructor","line":33,"loc":{"start":{"line":33,"column":2},"end":{"line":35,"column":2}}},"2":{"name":"paused","line":40,"loc":{"start":{"line":40,"column":2},"end":{"line":42,"column":2}}},"3":{"name":"whenNotPaused","line":51,"loc":{"start":{"line":51,"column":2},"end":{"line":54,"column":2}}},"4":{"name":"whenPaused","line":63,"loc":{"start":{"line":63,"column":2},"end":{"line":66,"column":2}}},"5":{"name":"_pause","line":75,"loc":{"start":{"line":75,"column":2},"end":{"line":78,"column":2}}},"6":{"name":"_unpause","line":87,"loc":{"start":{"line":87,"column":2},"end":{"line":90,"column":2}}}},"statementMap":{"1":{"start":{"line":34,"column":4},"end":{"line":34,"column":18}},"2":{"start":{"line":41,"column":4},"end":{"line":41,"column":18}},"3":{"start":{"line":52,"column":4},"end":{"line":52,"column":41}},"4":{"start":{"line":64,"column":4},"end":{"line":64,"column":44}},"5":{"start":{"line":76,"column":4},"end":{"line":76,"column":17}},"6":{"start":{"line":77,"column":4},"end":{"line":77,"column":29}},"7":{"start":{"line":88,"column":4},"end":{"line":88,"column":18}},"8":{"start":{"line":89,"column":4},"end":{"line":89,"column":31}}},"branchMap":{"1":{"line":52,"type":"if","locations":[{"start":{"line":52,"column":4},"end":{"line":52,"column":4}},{"start":{"line":52,"column":4},"end":{"line":52,"column":4}}]},"2":{"line":64,"type":"if","locations":[{"start":{"line":64,"column":4},"end":{"line":64,"column":4}},{"start":{"line":64,"column":4},"end":{"line":64,"column":4}}]}}},"contracts/Claimer.sol":{"l":{"44":3,"52":4,"56":3,"58":2,"62":2,"68":2,"82":5,"84":5,"86":5,"91":4,"98":2,"107":4,"111":4,"117":2,"122":2,"124":2,"133":3,"137":2,"142":1,"144":1,"148":1,"154":1,"162":1,"166":1,"167":1,"171":1,"172":1,"181":1,"185":1},"path":"/home/bhupendra/claimers-contracts/contracts/Claimer.sol","s":{"1":3,"2":4,"3":3,"4":2,"5":2,"6":2,"7":5,"8":5,"9":5,"10":4,"11":2,"12":4,"13":4,"14":2,"15":2,"16":2,"17":3,"18":2,"19":1,"20":1,"21":1,"22":1,"23":1,"24":1,"25":1,"26":1,"27":1,"28":1},"b":{"1":[3,1],"2":[2,1],"3":[5,0],"4":[4,1],"5":[2,0],"6":[2,1],"7":[1,1]},"f":{"1":3,"2":4,"3":5,"4":4,"5":3,"6":1,"7":1,"8":1,"9":1},"fnMap":{"1":{"name":"constructor","line":43,"loc":{"start":{"line":43,"column":2},"end":{"line":45,"column":2}}},"2":{"name":"addProject","line":51,"loc":{"start":{"line":47,"column":2},"end":{"line":75,"column":2}}},"3":{"name":"swap","line":79,"loc":{"start":{"line":77,"column":2},"end":{"line":99,"column":2}}},"4":{"name":"_swap","line":101,"loc":{"start":{"line":101,"column":2},"end":{"line":125,"column":2}}},"5":{"name":"updateProjectDetails","line":132,"loc":{"start":{"line":127,"column":2},"end":{"line":163,"column":2}}},"6":{"name":"pause","line":165,"loc":{"start":{"line":165,"column":2},"end":{"line":168,"column":2}}},"7":{"name":"unpause","line":170,"loc":{"start":{"line":170,"column":2},"end":{"line":173,"column":2}}},"8":{"name":"versionRecipient","line":180,"loc":{"start":{"line":180,"column":2},"end":{"line":182,"column":2}}},"9":{"name":"updateTrustForwarder","line":184,"loc":{"start":{"line":184,"column":2},"end":{"line":186,"column":2}}}},"statementMap":{"1":{"start":{"line":44,"column":4},"end":{"line":44,"column":39}},"2":{"start":{"line":52,"column":4},"end":{"line":52,"column":1318}},"3":{"start":{"line":56,"column":4},"end":{"line":56,"column":72}},"4":{"start":{"line":58,"column":4},"end":{"line":58,"column":1545}},"5":{"start":{"line":62,"column":4},"end":{"line":62,"column":1653}},"6":{"start":{"line":68,"column":4},"end":{"line":68,"column":1837}},"7":{"start":{"line":82,"column":4},"end":{"line":82,"column":47}},"8":{"start":{"line":84,"column":4},"end":{"line":84,"column":57}},"9":{"start":{"line":86,"column":4},"end":{"line":86,"column":2206}},"10":{"start":{"line":91,"column":4},"end":{"line":91,"column":2313}},"11":{"start":{"line":98,"column":4},"end":{"line":98,"column":15}},"12":{"start":{"line":107,"column":4},"end":{"line":107,"column":2610}},"13":{"start":{"line":111,"column":4},"end":{"line":111,"column":2739}},"14":{"start":{"line":117,"column":4},"end":{"line":117,"column":2853}},"15":{"start":{"line":122,"column":4},"end":{"line":122,"column":67}},"16":{"start":{"line":124,"column":4},"end":{"line":124,"column":69}},"17":{"start":{"line":133,"column":4},"end":{"line":133,"column":3345}},"18":{"start":{"line":137,"column":4},"end":{"line":137,"column":3505}},"19":{"start":{"line":144,"column":4},"end":{"line":144,"column":3648}},"20":{"start":{"line":148,"column":4},"end":{"line":148,"column":3759}},"21":{"start":{"line":154,"column":4},"end":{"line":154,"column":3946}},"22":{"start":{"line":162,"column":4},"end":{"line":162,"column":15}},"23":{"start":{"line":166,"column":4},"end":{"line":166,"column":11}},"24":{"start":{"line":167,"column":4},"end":{"line":167,"column":15}},"25":{"start":{"line":171,"column":4},"end":{"line":171,"column":13}},"26":{"start":{"line":172,"column":4},"end":{"line":172,"column":15}},"27":{"start":{"line":181,"column":4},"end":{"line":181,"column":14}},"28":{"start":{"line":185,"column":4},"end":{"line":185,"column":40}}},"branchMap":{"1":{"line":52,"type":"if","locations":[{"start":{"line":52,"column":4},"end":{"line":52,"column":4}},{"start":{"line":52,"column":4},"end":{"line":52,"column":4}}]},"2":{"line":56,"type":"if","locations":[{"start":{"line":56,"column":4},"end":{"line":56,"column":4}},{"start":{"line":56,"column":4},"end":{"line":56,"column":4}}]},"3":{"line":82,"type":"if","locations":[{"start":{"line":82,"column":4},"end":{"line":82,"column":4}},{"start":{"line":82,"column":4},"end":{"line":82,"column":4}}]},"4":{"line":86,"type":"if","locations":[{"start":{"line":86,"column":4},"end":{"line":86,"column":4}},{"start":{"line":86,"column":4},"end":{"line":86,"column":4}}]},"5":{"line":117,"type":"if","locations":[{"start":{"line":117,"column":4},"end":{"line":117,"column":4}},{"start":{"line":117,"column":4},"end":{"line":117,"column":4}}]},"6":{"line":133,"type":"if","locations":[{"start":{"line":133,"column":4},"end":{"line":133,"column":4}},{"start":{"line":133,"column":4},"end":{"line":133,"column":4}}]},"7":{"line":137,"type":"if","locations":[{"start":{"line":137,"column":4},"end":{"line":137,"column":4}},{"start":{"line":137,"column":4},"end":{"line":137,"column":4}}]}}},"contracts/forwarder/BaseRelayRecipient.sol":{"l":{"20":0,"24":0,"33":19,"43":31,"47":0,"51":31},"path":"/home/bhupendra/claimers-contracts/contracts/forwarder/BaseRelayRecipient.sol","s":{"1":0,"2":19,"3":31,"4":31},"b":{"1":[0,0],"2":[0,31]},"f":{"1":0,"2":19,"3":31},"fnMap":{"1":{"name":"trustedForwarderOnly","line":19,"loc":{"start":{"line":19,"column":2},"end":{"line":25,"column":2}}},"2":{"name":"isTrustedForwarder","line":27,"loc":{"start":{"line":27,"column":2},"end":{"line":34,"column":2}}},"3":{"name":"_msgSender","line":42,"loc":{"start":{"line":42,"column":2},"end":{"line":53,"column":2}}}},"statementMap":{"1":{"start":{"line":20,"column":4},"end":{"line":20,"column":512}},"2":{"start":{"line":33,"column":4},"end":{"line":33,"column":40}},"3":{"start":{"line":43,"column":4},"end":{"line":43,"column":1122}},"4":{"start":{"line":51,"column":6},"end":{"line":51,"column":23}}},"branchMap":{"1":{"line":20,"type":"if","locations":[{"start":{"line":20,"column":4},"end":{"line":20,"column":4}},{"start":{"line":20,"column":4},"end":{"line":20,"column":4}}]},"2":{"line":43,"type":"if","locations":[{"start":{"line":43,"column":4},"end":{"line":43,"column":4}},{"start":{"line":43,"column":4},"end":{"line":43,"column":4}}]}}},"contracts/forwarder/IRelayRecipient.sol":{"l":{},"path":"/home/bhupendra/claimers-contracts/contracts/forwarder/IRelayRecipient.sol","s":{},"b":{},"f":{},"fnMap":{},"statementMap":{},"branchMap":{}},"contracts/interfaces/IERC20.sol":{"l":{},"path":"/home/bhupendra/claimers-contracts/contracts/interfaces/IERC20.sol","s":{},"b":{},"f":{},"fnMap":{},"statementMap":{},"branchMap":{}},"contracts/libraries/Address.sol":{"l":{"31":6,"32":6,"35":6,"55":0,"60":0,"61":0,"89":0,"103":6,"122":0,"143":6,"147":6,"149":6,"152":6,"166":0,"185":0,"187":0,"188":0,"201":0,"220":0,"222":0,"223":0,"231":6,"232":4,"235":2,"238":2,"243":0},"path":"/home/bhupendra/claimers-contracts/contracts/libraries/Address.sol","s":{"1":6,"2":6,"3":0,"4":0,"5":0,"6":0,"7":6,"8":0,"9":6,"10":6,"11":6,"12":6,"13":0,"14":0,"15":0,"16":0,"17":0,"18":0,"19":0,"20":0,"21":6,"22":4,"23":2,"24":0},"b":{"1":[0,0],"2":[0,0],"3":[6,0],"4":[6,0],"5":[0,0],"6":[0,0],"7":[4,2],"8":[2,0]},"f":{"1":6,"2":0,"3":0,"4":6,"5":0,"6":6,"7":0,"8":0,"9":0,"10":0,"11":6},"fnMap":{"1":{"name":"isContract","line":26,"loc":{"start":{"line":26,"column":4},"end":{"line":36,"column":4}}},"2":{"name":"sendValue","line":54,"loc":{"start":{"line":54,"column":4},"end":{"line":65,"column":4}}},"3":{"name":"functionCall","line":85,"loc":{"start":{"line":85,"column":4},"end":{"line":90,"column":4}}},"4":{"name":"functionCall","line":98,"loc":{"start":{"line":98,"column":4},"end":{"line":104,"column":4}}},"5":{"name":"functionCallWithValue","line":117,"loc":{"start":{"line":117,"column":4},"end":{"line":129,"column":4}}},"6":{"name":"functionCallWithValue","line":137,"loc":{"start":{"line":137,"column":4},"end":{"line":153,"column":4}}},"7":{"name":"functionStaticCall","line":161,"loc":{"start":{"line":161,"column":4},"end":{"line":172,"column":4}}},"8":{"name":"functionStaticCall","line":180,"loc":{"start":{"line":180,"column":4},"end":{"line":189,"column":4}}},"9":{"name":"functionDelegateCall","line":197,"loc":{"start":{"line":197,"column":4},"end":{"line":207,"column":4}}},"10":{"name":"functionDelegateCall","line":215,"loc":{"start":{"line":215,"column":4},"end":{"line":224,"column":4}}},"11":{"name":"_verifyCallResult","line":226,"loc":{"start":{"line":226,"column":4},"end":{"line":246,"column":4}}}},"statementMap":{"1":{"start":{"line":31,"column":8},"end":{"line":31,"column":20}},"2":{"start":{"line":35,"column":8},"end":{"line":35,"column":23}},"3":{"start":{"line":55,"column":8},"end":{"line":55,"column":2102}},"4":{"start":{"line":60,"column":8},"end":{"line":60,"column":60}},"5":{"start":{"line":61,"column":8},"end":{"line":61,"column":2282}},"6":{"start":{"line":89,"column":8},"end":{"line":89,"column":75}},"7":{"start":{"line":103,"column":8},"end":{"line":103,"column":67}},"8":{"start":{"line":122,"column":8},"end":{"line":122,"column":4301}},"9":{"start":{"line":143,"column":8},"end":{"line":143,"column":4924}},"10":{"start":{"line":147,"column":8},"end":{"line":147,"column":67}},"11":{"start":{"line":149,"column":8},"end":{"line":149,"column":5121}},"12":{"start":{"line":152,"column":8},"end":{"line":152,"column":67}},"13":{"start":{"line":166,"column":8},"end":{"line":166,"column":5611}},"14":{"start":{"line":185,"column":8},"end":{"line":185,"column":74}},"15":{"start":{"line":187,"column":8},"end":{"line":187,"column":73}},"16":{"start":{"line":188,"column":8},"end":{"line":188,"column":67}},"17":{"start":{"line":201,"column":8},"end":{"line":201,"column":6649}},"18":{"start":{"line":220,"column":8},"end":{"line":220,"column":76}},"19":{"start":{"line":222,"column":8},"end":{"line":222,"column":75}},"20":{"start":{"line":223,"column":8},"end":{"line":223,"column":67}},"21":{"start":{"line":231,"column":8},"end":{"line":231,"column":7559}},"22":{"start":{"line":232,"column":12},"end":{"line":232,"column":29}},"23":{"start":{"line":235,"column":12},"end":{"line":235,"column":7704}},"24":{"start":{"line":243,"column":16},"end":{"line":243,"column":35}}},"branchMap":{"1":{"line":55,"type":"if","locations":[{"start":{"line":55,"column":8},"end":{"line":55,"column":8}},{"start":{"line":55,"column":8},"end":{"line":55,"column":8}}]},"2":{"line":61,"type":"if","locations":[{"start":{"line":61,"column":8},"end":{"line":61,"column":8}},{"start":{"line":61,"column":8},"end":{"line":61,"column":8}}]},"3":{"line":143,"type":"if","locations":[{"start":{"line":143,"column":8},"end":{"line":143,"column":8}},{"start":{"line":143,"column":8},"end":{"line":143,"column":8}}]},"4":{"line":147,"type":"if","locations":[{"start":{"line":147,"column":8},"end":{"line":147,"column":8}},{"start":{"line":147,"column":8},"end":{"line":147,"column":8}}]},"5":{"line":185,"type":"if","locations":[{"start":{"line":185,"column":8},"end":{"line":185,"column":8}},{"start":{"line":185,"column":8},"end":{"line":185,"column":8}}]},"6":{"line":220,"type":"if","locations":[{"start":{"line":220,"column":8},"end":{"line":220,"column":8}},{"start":{"line":220,"column":8},"end":{"line":220,"column":8}}]},"7":{"line":231,"type":"if","locations":[{"start":{"line":231,"column":8},"end":{"line":231,"column":8}},{"start":{"line":231,"column":8},"end":{"line":231,"column":8}}]},"8":{"line":235,"type":"if","locations":[{"start":{"line":235,"column":12},"end":{"line":235,"column":12}},{"start":{"line":235,"column":12},"end":{"line":235,"column":12}}]}}},"contracts/libraries/Context.sol":{"l":{"17":0,"21":0,"22":0},"path":"/home/bhupendra/claimers-contracts/contracts/libraries/Context.sol","s":{"1":0,"2":0},"b":{},"f":{"1":0,"2":0},"fnMap":{"1":{"name":"_msgSender","line":16,"loc":{"start":{"line":16,"column":4},"end":{"line":18,"column":4}}},"2":{"name":"_msgData","line":20,"loc":{"start":{"line":20,"column":4},"end":{"line":23,"column":4}}}},"statementMap":{"1":{"start":{"line":17,"column":8},"end":{"line":17,"column":25}},"2":{"start":{"line":22,"column":8},"end":{"line":22,"column":23}}},"branchMap":{}},"contracts/libraries/SafeERC20.sol":{"l":{"25":2,"37":4,"58":0,"62":0,"73":0,"74":0,"89":0,"118":6,"122":4,"124":4},"path":"/home/bhupendra/claimers-contracts/contracts/libraries/SafeERC20.sol","s":{"1":2,"2":4,"3":0,"4":0,"5":0,"6":0,"7":6,"8":4,"9":4},"b":{"1":[0,0],"2":[4,0],"3":[4,0]},"f":{"1":2,"2":4,"3":0,"4":0,"5":0,"6":6},"fnMap":{"1":{"name":"safeTransfer","line":20,"loc":{"start":{"line":20,"column":4},"end":{"line":29,"column":4}}},"2":{"name":"safeTransferFrom","line":31,"loc":{"start":{"line":31,"column":4},"end":{"line":41,"column":4}}},"3":{"name":"safeApprove","line":50,"loc":{"start":{"line":50,"column":4},"end":{"line":66,"column":4}}},"4":{"name":"safeIncreaseAllowance","line":68,"loc":{"start":{"line":68,"column":4},"end":{"line":82,"column":4}}},"5":{"name":"safeDecreaseAllowance","line":84,"loc":{"start":{"line":84,"column":4},"end":{"line":105,"column":4}}},"6":{"name":"_callOptionalReturn","line":113,"loc":{"start":{"line":113,"column":4},"end":{"line":129,"column":4}}}},"statementMap":{"1":{"start":{"line":25,"column":8},"end":{"line":25,"column":753}},"2":{"start":{"line":37,"column":8},"end":{"line":37,"column":1024}},"3":{"start":{"line":58,"column":8},"end":{"line":58,"column":1754}},"4":{"start":{"line":62,"column":8},"end":{"line":62,"column":1927}},"5":{"start":{"line":73,"column":8},"end":{"line":73,"column":78}},"6":{"start":{"line":74,"column":8},"end":{"line":74,"column":2270}},"7":{"start":{"line":118,"column":8},"end":{"line":118,"column":3935}},"8":{"start":{"line":122,"column":8},"end":{"line":122,"column":4073}},"9":{"start":{"line":124,"column":12},"end":{"line":124,"column":4157}}},"branchMap":{"1":{"line":58,"type":"if","locations":[{"start":{"line":58,"column":8},"end":{"line":58,"column":8}},{"start":{"line":58,"column":8},"end":{"line":58,"column":8}}]},"2":{"line":122,"type":"if","locations":[{"start":{"line":122,"column":8},"end":{"line":122,"column":8}},{"start":{"line":122,"column":8},"end":{"line":122,"column":8}}]},"3":{"line":124,"type":"if","locations":[{"start":{"line":124,"column":12},"end":{"line":124,"column":12}},{"start":{"line":124,"column":12},"end":{"line":124,"column":12}}]}}},"contracts/libraries/SafeMath.sol":{"l":{"31":0,"32":0,"34":0,"48":4,"66":4,"67":4,"69":4,"86":0,"87":0,"90":0,"91":0,"93":0,"109":0,"129":0,"130":0,"132":0,"148":0,"168":0,"169":0},"path":"/home/bhupendra/claimers-contracts/contracts/libraries/SafeMath.sol","s":{"1":0,"2":0,"3":0,"4":4,"5":4,"6":4,"7":4,"8":0,"9":0,"10":0,"11":0,"12":0,"13":0,"14":0,"15":0,"16":0,"17":0,"18":0,"19":0},"b":{"1":[0,0],"2":[4,0],"3":[0,0],"4":[0,0],"5":[0,0],"6":[0,0]},"f":{"1":0,"2":4,"3":4,"4":0,"5":0,"6":0,"7":0,"8":0},"fnMap":{"1":{"name":"add","line":30,"loc":{"start":{"line":30,"column":4},"end":{"line":35,"column":4}}},"2":{"name":"sub","line":47,"loc":{"start":{"line":47,"column":4},"end":{"line":49,"column":4}}},"3":{"name":"sub","line":61,"loc":{"start":{"line":61,"column":4},"end":{"line":70,"column":4}}},"4":{"name":"mul","line":82,"loc":{"start":{"line":82,"column":4},"end":{"line":94,"column":4}}},"5":{"name":"div","line":108,"loc":{"start":{"line":108,"column":4},"end":{"line":110,"column":4}}},"6":{"name":"div","line":124,"loc":{"start":{"line":124,"column":4},"end":{"line":133,"column":4}}},"7":{"name":"mod","line":147,"loc":{"start":{"line":147,"column":4},"end":{"line":149,"column":4}}},"8":{"name":"mod","line":163,"loc":{"start":{"line":163,"column":4},"end":{"line":170,"column":4}}}},"statementMap":{"1":{"start":{"line":31,"column":8},"end":{"line":31,"column":25}},"2":{"start":{"line":32,"column":8},"end":{"line":32,"column":53}},"3":{"start":{"line":34,"column":8},"end":{"line":34,"column":16}},"4":{"start":{"line":48,"column":8},"end":{"line":48,"column":58}},"5":{"start":{"line":66,"column":8},"end":{"line":66,"column":36}},"6":{"start":{"line":67,"column":8},"end":{"line":67,"column":25}},"7":{"start":{"line":69,"column":8},"end":{"line":69,"column":16}},"8":{"start":{"line":86,"column":8},"end":{"line":86,"column":2514}},"9":{"start":{"line":87,"column":12},"end":{"line":87,"column":20}},"10":{"start":{"line":90,"column":8},"end":{"line":90,"column":25}},"11":{"start":{"line":91,"column":8},"end":{"line":91,"column":63}},"12":{"start":{"line":93,"column":8},"end":{"line":93,"column":16}},"13":{"start":{"line":109,"column":8},"end":{"line":109,"column":54}},"14":{"start":{"line":129,"column":8},"end":{"line":129,"column":35}},"15":{"start":{"line":130,"column":8},"end":{"line":130,"column":25}},"16":{"start":{"line":132,"column":8},"end":{"line":132,"column":16}},"17":{"start":{"line":148,"column":8},"end":{"line":148,"column":52}},"18":{"start":{"line":168,"column":8},"end":{"line":168,"column":36}},"19":{"start":{"line":169,"column":8},"end":{"line":169,"column":20}}},"branchMap":{"1":{"line":32,"type":"if","locations":[{"start":{"line":32,"column":8},"end":{"line":32,"column":8}},{"start":{"line":32,"column":8},"end":{"line":32,"column":8}}]},"2":{"line":66,"type":"if","locations":[{"start":{"line":66,"column":8},"end":{"line":66,"column":8}},{"start":{"line":66,"column":8},"end":{"line":66,"column":8}}]},"3":{"line":86,"type":"if","locations":[{"start":{"line":86,"column":8},"end":{"line":86,"column":8}},{"start":{"line":86,"column":8},"end":{"line":86,"column":8}}]},"4":{"line":91,"type":"if","locations":[{"start":{"line":91,"column":8},"end":{"line":91,"column":8}},{"start":{"line":91,"column":8},"end":{"line":91,"column":8}}]},"5":{"line":129,"type":"if","locations":[{"start":{"line":129,"column":8},"end":{"line":129,"column":8}},{"start":{"line":129,"column":8},"end":{"line":129,"column":8}}]},"6":{"line":168,"type":"if","locations":[{"start":{"line":168,"column":8},"end":{"line":168,"column":8}},{"start":{"line":168,"column":8},"end":{"line":168,"column":8}}]}}},"contracts/MOCKERC20.sol":{"l":{"14":12},"path":"/home/bhupendra/claimers-contracts/contracts/MOCKERC20.sol","s":{"1":12},"b":{},"f":{"1":12},"fnMap":{"1":{"name":"constructor","line":13,"loc":{"start":{"line":9,"column":4},"end":{"line":15,"column":4}}}},"statementMap":{"1":{"start":{"line":14,"column":8},"end":{"line":14,"column":33}}},"branchMap":{}}}