TN:
SF:/home/bhupendra/claimers-contracts/contracts/access/Ownable.sol
FN:19,constructor
FN:28,onlyOwner
FN:36,onlyAdmin
FN:48,renounceOwnership
FN:57,transferOwnership
FNF:5
FNH:5
FNDA:3,constructor
FNDA:13,onlyOwner
FNDA:2,onlyAdmin
FNDA:1,renounceOwnership
FNDA:1,transferOwnership
DA:20,3
DA:21,3
DA:22,3
DA:29,13
DA:30,11
DA:37,2
DA:38,1
DA:49,1
DA:50,1
DA:58,1
DA:59,1
DA:60,1
LF:12
LH:12
BRDA:29,1,0,11
BRDA:29,1,1,2
BRDA:37,2,0,1
BRDA:37,2,1,1
BRDA:58,3,0,1
BRDA:58,3,1,0
BRF:6
BRH:5
end_of_record
TN:
SF:/home/bhupendra/claimers-contracts/contracts/access/Pausable.sol
FN:33,constructor
FN:40,paused
FN:51,whenNotPaused
FN:63,whenPaused
FN:75,_pause
FN:87,_unpause
FNF:6
FNH:6
FNDA:3,constructor
FNDA:8,paused
FNDA:7,whenNotPaused
FNDA:1,whenPaused
FNDA:1,_pause
FNDA:1,_unpause
DA:34,3
DA:41,8
DA:52,7
DA:53,6
DA:64,1
DA:65,1
DA:76,1
DA:77,1
DA:88,1
DA:89,1
LF:10
LH:10
BRDA:52,1,0,6
BRDA:52,1,1,1
BRDA:64,2,0,1
BRDA:64,2,1,0
BRF:4
BRH:3
end_of_record
TN:
SF:/home/bhupendra/claimers-contracts/contracts/Claimer.sol
FN:43,constructor
FN:51,addProject
FN:79,swap
FN:101,_swap
FN:132,updateProjectDetails
FN:165,pause
FN:170,unpause
FN:180,versionRecipient
FN:184,updateTrustForwarder
FNF:9
FNH:9
FNDA:3,constructor
FNDA:4,addProject
FNDA:5,swap
FNDA:4,_swap
FNDA:3,updateProjectDetails
FNDA:1,pause
FNDA:1,unpause
FNDA:1,versionRecipient
FNDA:1,updateTrustForwarder
DA:44,3
DA:52,4
DA:56,3
DA:58,2
DA:62,2
DA:68,2
DA:82,5
DA:84,5
DA:86,5
DA:91,4
DA:98,2
DA:107,4
DA:111,4
DA:117,2
DA:122,2
DA:124,2
DA:133,3
DA:137,2
DA:142,1
DA:144,1
DA:148,1
DA:154,1
DA:162,1
DA:166,1
DA:167,1
DA:171,1
DA:172,1
DA:181,1
DA:185,1
LF:29
LH:29
BRDA:52,1,0,3
BRDA:52,1,1,1
BRDA:56,2,0,2
BRDA:56,2,1,1
BRDA:82,3,0,5
BRDA:82,3,1,0
BRDA:86,4,0,4
BRDA:86,4,1,1
BRDA:117,5,0,2
BRDA:117,5,1,0
BRDA:133,6,0,2
BRDA:133,6,1,1
BRDA:137,7,0,1
BRDA:137,7,1,1
BRF:14
BRH:12
end_of_record
TN:
SF:/home/bhupendra/claimers-contracts/contracts/forwarder/BaseRelayRecipient.sol
FN:19,trustedForwarderOnly
FN:27,isTrustedForwarder
FN:42,_msgSender
FNF:3
FNH:2
FNDA:0,trustedForwarderOnly
FNDA:19,isTrustedForwarder
FNDA:31,_msgSender
DA:20,0
DA:24,0
DA:33,19
DA:43,31
DA:47,0
DA:51,31
LF:6
LH:3
BRDA:20,1,0,0
BRDA:20,1,1,0
BRDA:43,2,0,0
BRDA:43,2,1,31
BRF:4
BRH:1
end_of_record
TN:
SF:/home/bhupendra/claimers-contracts/contracts/forwarder/IRelayRecipient.sol
FNF:0
FNH:0
LF:0
LH:0
BRF:0
BRH:0
end_of_record
TN:
SF:/home/bhupendra/claimers-contracts/contracts/interfaces/IERC20.sol
FNF:0
FNH:0
LF:0
LH:0
BRF:0
BRH:0
end_of_record
TN:
SF:/home/bhupendra/claimers-contracts/contracts/libraries/Address.sol
FN:26,isContract
FN:54,sendValue
FN:85,functionCall
FN:98,functionCall
FN:117,functionCallWithValue
FN:137,functionCallWithValue
FN:161,functionStaticCall
FN:180,functionStaticCall
FN:197,functionDelegateCall
FN:215,functionDelegateCall
FN:226,_verifyCallResult
FNF:11
FNH:4
FNDA:6,isContract
FNDA:0,sendValue
FNDA:0,functionCall
FNDA:6,functionCall
FNDA:0,functionCallWithValue
FNDA:6,functionCallWithValue
FNDA:0,functionStaticCall
FNDA:0,functionStaticCall
FNDA:0,functionDelegateCall
FNDA:0,functionDelegateCall
FNDA:6,_verifyCallResult
DA:31,6
DA:32,6
DA:35,6
DA:55,0
DA:60,0
DA:61,0
DA:89,0
DA:103,6
DA:122,0
DA:143,6
DA:147,6
DA:149,6
DA:152,6
DA:166,0
DA:185,0
DA:187,0
DA:188,0
DA:201,0
DA:220,0
DA:222,0
DA:223,0
DA:231,6
DA:232,4
DA:235,2
DA:238,2
DA:243,0
LF:26
LH:12
BRDA:55,1,0,0
BRDA:55,1,1,0
BRDA:61,2,0,0
BRDA:61,2,1,0
BRDA:143,3,0,6
BRDA:143,3,1,0
BRDA:147,4,0,6
BRDA:147,4,1,0
BRDA:185,5,0,0
BRDA:185,5,1,0
BRDA:220,6,0,0
BRDA:220,6,1,0
BRDA:231,7,0,4
BRDA:231,7,1,2
BRDA:235,8,0,2
BRDA:235,8,1,0
BRF:16
BRH:5
end_of_record
TN:
SF:/home/bhupendra/claimers-contracts/contracts/libraries/Context.sol
FN:16,_msgSender
FN:20,_msgData
FNF:2
FNH:0
FNDA:0,_msgSender
FNDA:0,_msgData
DA:17,0
DA:21,0
DA:22,0
LF:3
LH:0
BRF:0
BRH:0
end_of_record
TN:
SF:/home/bhupendra/claimers-contracts/contracts/libraries/SafeERC20.sol
FN:20,safeTransfer
FN:31,safeTransferFrom
FN:50,safeApprove
FN:68,safeIncreaseAllowance
FN:84,safeDecreaseAllowance
FN:113,_callOptionalReturn
FNF:6
FNH:3
FNDA:2,safeTransfer
FNDA:4,safeTransferFrom
FNDA:0,safeApprove
FNDA:0,safeIncreaseAllowance
FNDA:0,safeDecreaseAllowance
FNDA:6,_callOptionalReturn
DA:25,2
DA:37,4
DA:58,0
DA:62,0
DA:73,0
DA:74,0
DA:89,0
DA:118,6
DA:122,4
DA:124,4
LF:10
LH:5
BRDA:58,1,0,0
BRDA:58,1,1,0
BRDA:122,2,0,4
BRDA:122,2,1,0
BRDA:124,3,0,4
BRDA:124,3,1,0
BRF:6
BRH:2
end_of_record
TN:
SF:/home/bhupendra/claimers-contracts/contracts/libraries/SafeMath.sol
FN:30,add
FN:47,sub
FN:61,sub
FN:82,mul
FN:108,div
FN:124,div
FN:147,mod
FN:163,mod
FNF:8
FNH:2
FNDA:0,add
FNDA:4,sub
FNDA:4,sub
FNDA:0,mul
FNDA:0,div
FNDA:0,div
FNDA:0,mod
FNDA:0,mod
DA:31,0
DA:32,0
DA:34,0
DA:48,4
DA:66,4
DA:67,4
DA:69,4
DA:86,0
DA:87,0
DA:90,0
DA:91,0
DA:93,0
DA:109,0
DA:129,0
DA:130,0
DA:132,0
DA:148,0
DA:168,0
DA:169,0
LF:19
LH:4
BRDA:32,1,0,0
BRDA:32,1,1,0
BRDA:66,2,0,4
BRDA:66,2,1,0
BRDA:86,3,0,0
BRDA:86,3,1,0
BRDA:91,4,0,0
BRDA:91,4,1,0
BRDA:129,5,0,0
BRDA:129,5,1,0
BRDA:168,6,0,0
BRDA:168,6,1,0
BRF:12
BRH:1
end_of_record
TN:
SF:/home/bhupendra/claimers-contracts/contracts/MOCKERC20.sol
FN:13,constructor
FNF:1
FNH:1
FNDA:12,constructor
DA:14,12
LF:1
LH:1
BRF:0
BRH:0
end_of_record
